<?xml version="1.0" encoding="UTF-8"?>
<testng-results skipped="0" failed="0" ignored="0" total="1" passed="1">
  <reporter-output>
  </reporter-output>
  <suite name="sampleGitTest.SampleGitTest" duration-ms="11123" started-at="2018-06-17T06:15:23Z" finished-at="2018-06-17T06:15:34Z">
    <groups>
    </groups>
    <test name="Command line test" duration-ms="11123" started-at="2018-06-17T06:15:23Z" finished-at="2018-06-17T06:15:34Z">
      <class name="sampleGitTest.SampleGitTest">
        <test-method status="PASS" signature="logintest()[pri:0, instance:sampleGitTest.SampleGitTest@7f690630]" name="logintest" duration-ms="11043" started-at="2018-06-17T11:45:23Z" finished-at="2018-06-17T11:45:34Z">
          <reporter-output>
          </reporter-output>
        </test-method> <!-- logintest -->
      </class> <!-- sampleGitTest.SampleGitTest -->
    </test> <!-- Command line test -->
  </suite> <!-- sampleGitTest.SampleGitTest -->
</testng-results>
